
R version 4.4.2 (2024-10-31) -- "Pile of Leaves"
Copyright (C) 2024 The R Foundation for Statistical Computing
Platform: x86_64-conda-linux-gnu

R is free software and comes with ABSOLUTELY NO WARRANTY.
You are welcome to redistribute it under certain conditions.
Type 'license()' or 'licence()' for distribution details.

R is a collaborative project with many contributors.
Type 'contributors()' for more information and
'citation()' on how to cite R or R packages in publications.

Type 'demo()' for some demos, 'help()' for on-line help, or
'help.start()' for an HTML browser interface to help.
Type 'q()' to quit R.

> # this is a script made to be submitted in bash, intended to analyze
> # whole genome data and output files along the way
> 
> # GFMxWM
> 
> # load libraries
> library(pcadapt)
> library(ggplot2)
> library(qqman)
> library(ggrepel)
> library(dplyr)
> library(devtools)
> library(CMplot)
> 
> # read data
> GFMxWM <- read.pcadapt("/home/las80898/mallard_wholegenome_data/GFMxWM.bed", type = "bed")
> 
> # initial analysis
> x1 <- pcadapt(GFMxWM, K = 2)
> 
> png(filename = "/scratch/las80898/pcadapt_output/GFMxWM_initial_manhattan.png")
> plot(x1 , option = "manhattan")
> dev.off()
null device 
          1 
> 
> png(filename = "/scratch/las80898/pcadapt_output/GFMxWM_qqplot.png")
> plot(x1, option = "qqplot")
> dev.off()
null device 
          1 
> 
> png(filename = "/scratch/las80898/pcadapt_output/GFMxWM_pvalue_histogram.png")
> hist(x1$pvalues, xlab = "p-values", main = NULL, breaks = 50, col = "orange")
> dev.off()
null device 
          1 
> 
> png(filename = "/scratch/las80898/pcadapt_output/GFMxWM_stats_distribution.png")
> plot(x1, option = "stat.distribution")
> dev.off()
null device 
          1 
> 
> # outlier adjustment
> padjbonf <- p.adjust(x1$pvalues,method="bonferroni")
> alpha <- 0.0001
> outliersbonf <- which(padjbonf < alpha)
> sink("/scratch/las80898/pcadapt_output/GFMxWM_outliers.txt")
> print(outliersbonf)
> sink()
> 
> # LD
> png(filename = "/scratch/las80898/pcadapt_output/GFMxWM_LD.png",
+     width = 800, height = 400 * 2)
> par(mfrow = c(2, 1))
> for (i in 1:2)
+   plot(x1$loadings[, i], pch = 19, cex = .3, ylab = paste0("Loadings PC", i))
> dev.off()
null device 
          1 
> 
> #association between pc and outliers
> snp_pc <- get.pc(x1, outliersbonf)
> sink("/scratch/las80898/pcadapt_output/GFMxWM_snp_pc_associations.txt")
> print(snp_pc)
> sink()
> 
> # plotting with qqman
> #make dataframe with values from pcadapt
> bim <- read.table("/home/las80898/mallard_wholegenome_data/GFMxWM.bim",
+                   header = FALSE, col.names = c("CHR","SNP","CM","BP","A1","A2"))
> 
> keep <- !is.na(x1$pvalues)
> SNP  <- bim$SNP[keep]
> CHR  <- bim$CHR[keep]
> BP   <- bim$BP[keep]
> P    <- x1$pvalues[keep]
> 
> qqdf_GFMxWM <- data.frame(SNP, CHR, BP, P)
> 
> png(filename = "/scratch/las80898/pcadapt_output/GFMxWM_qqman.png")
> manhattan(qqdf_GFMxWM, main = " pcadapt SNP Outliers", cex.axis = 0.8, cex.main = .8, 
+           annotatePval = 0.0000001, suggestiveline = F , annotateTop = FALSE, 
+           xlab = "Chromosome number", cex = 0.3, highlight = outliersbonf)
