
R version 4.4.2 (2024-10-31) -- "Pile of Leaves"
Copyright (C) 2024 The R Foundation for Statistical Computing
Platform: x86_64-conda-linux-gnu

R is free software and comes with ABSOLUTELY NO WARRANTY.
You are welcome to redistribute it under certain conditions.
Type 'license()' or 'licence()' for distribution details.

R is a collaborative project with many contributors.
Type 'contributors()' for more information and
'citation()' on how to cite R or R packages in publications.

Type 'demo()' for some demos, 'help()' for on-line help, or
'help.start()' for an HTML browser interface to help.
Type 'q()' to quit R.

> # GFMxKC - pcadapt whole genome analysis
> 
> # load libraries
> library(pcadapt)
> library(ggplot2)
> library(qqman)
> library(ggrepel)
> library(dplyr)
> library(devtools)
> 
> # read data
> GFMxKC <- read.pcadapt("/home/las80898/mallard_wholegenome_data/GFMxKC.bed", type = "bed")
