Warning message:
package ‘pcadapt’ was built under R version 4.4.3 
Warning message:
package ‘ggplot2’ was built under R version 4.4.3 

For example usage please run: vignette('qqman')

Citation appreciated but not required:
Turner, (2018). qqman: an R package for visualizing GWAS results using Q-Q and manhattan plots. Journal of Open Source Software, 3(25), 731, https://doi.org/10.21105/joss.00731.

Warning message:
package ‘qqman’ was built under R version 4.4.3 
Warning message:
package ‘ggrepel’ was built under R version 4.4.3 

Attaching package: ‘dplyr’

The following objects are masked from ‘package:stats’:

    filter, lag

The following objects are masked from ‘package:base’:

    intersect, setdiff, setequal, union

Warning message:
package ‘dplyr’ was built under R version 4.4.3 
Loading required package: usethis
Warning messages:
1: package ‘devtools’ was built under R version 4.4.3 
2: package ‘usethis’ was built under R version 4.4.3 
Much appreciate for using CMplot.
Full description, Bug report, Suggestion and the latest codes:
https://github.com/YinLiLin/CMplot
Warning message:
package ‘CMplot’ was built under R version 4.4.3 
Warning message:
Removed 17848 rows containing non-finite outside the scale range
(`stat_bin()`). 
Unique CHR values in bim: 
Total SNPs in bim: 19977033
Total pvalues: 19977033
Number of outliers: 18997
Number of valid outlier SNP IDs: 18997
nrow of qqdf: 12772495
CHR range: 1 to 30
BP range: 10 to 195429920
P range: 2.2250738585072e-308 to 0.999999987950208
CHR unique values: 
Sample SNP IDs: 
