
R version 4.4.2 (2024-10-31) -- "Pile of Leaves"
Copyright (C) 2024 The R Foundation for Statistical Computing
Platform: x86_64-conda-linux-gnu

R is free software and comes with ABSOLUTELY NO WARRANTY.
You are welcome to redistribute it under certain conditions.
Type 'license()' or 'licence()' for distribution details.

R is a collaborative project with many contributors.
Type 'contributors()' for more information and
'citation()' on how to cite R or R packages in publications.

Type 'demo()' for some demos, 'help()' for on-line help, or
'help.start()' for an HTML browser interface to help.
Type 'q()' to quit R.

> # GFMxWM - pcadapt whole genome analysis
> 
> # load libraries
> library(pcadapt)
> library(ggplot2)
> library(qqman)
> library(ggrepel)
> library(dplyr)
> library(devtools)
> 
> # ── Read and prepare data ─────────────────────────────────────────────────────
> GFMxWM <- read.pcadapt("/home/las80898/mallard_wholegenome_data/GFMxWM.bed", type = "bed")
> 
> x1 <- pcadapt(GFMxWM, K = 2, LD.clumping = list(size = 5000, thr = 0.1))
> 
> bim <- read.table("/home/las80898/mallard_wholegenome_data/GFMxWM.bim",
+                   header = FALSE, col.names = c("CHR","SNP","CM","BP","A1","A2"))
> 
> bim$CHR <- as.character(bim$CHR)
> bim$CHR[bim$CHR == "chrZ" | bim$CHR == "Z"] <- "30"
> bim$CHR <- suppressWarnings(as.numeric(bim$CHR))
> scaffold_keep <- !is.na(bim$CHR)
> 
> bim_filtered   <- bim[scaffold_keep, ]
> pvals_filtered <- x1$pvalues[scaffold_keep]
> 
> pval_keep <- !is.na(pvals_filtered)
> SNP <- bim_filtered$SNP[pval_keep]
> CHR <- bim_filtered$CHR[pval_keep]
> BP  <- bim_filtered$BP[pval_keep]
> P   <- pvals_filtered[pval_keep]
> P[P == 0] <- .Machine$double.xmin
> 
> qqdf_GFMxWM <- data.frame(SNP, CHR, BP, P)
> 
> # ── Manhattan plot ────────────────────────────────────────────────────────────
> png(filename = "/scratch/las80898/pcadapt_output_4/GFMxWM_qqman_T4.png",
+     width = 1800, height = 850, units = "px", pointsize = 14)
> manhattan(qqdf_GFMxWM,
+           cex.axis = 0.8,
+           suggestiveline = FALSE,
+           annotateTop = FALSE,
+           genomewideline = FALSE,
+           xlab = "Chromosome number",
+           cex = 0.6,
+           ylim = c(0, 45))
