
R version 4.4.2 (2024-10-31) -- "Pile of Leaves"
Copyright (C) 2024 The R Foundation for Statistical Computing
Platform: x86_64-conda-linux-gnu

R is free software and comes with ABSOLUTELY NO WARRANTY.
You are welcome to redistribute it under certain conditions.
Type 'license()' or 'licence()' for distribution details.

R is a collaborative project with many contributors.
Type 'contributors()' for more information and
'citation()' on how to cite R or R packages in publications.

Type 'demo()' for some demos, 'help()' for on-line help, or
'help.start()' for an HTML browser interface to help.
Type 'q()' to quit R.

> # GFMxKC - pcadapt whole genome analysis - revised for cross analysis comparison. This script calculates pcadapt p-values across sliding windows and outputs them into a csv file.
> 
> # load libraries
> library(pcadapt)
> library(ggplot2)
> library(qqman)
> library(ggrepel)
> library(dplyr)
> library(devtools)
> 
> 
> # Read and prepare data
> bed <- read.pcadapt("/home/las80898/mallard_wholegenome_data/GFMxKC.bed", type = "bed")
> 
> x1 <- pcadapt(bed, K = 2, min.maf = 0.02)
> 
> bim <- read.table("/home/las80898/mallard_wholegenome_data/GFMxKC.bim",
+                   header = FALSE, col.names = c("CHR","SNP","CM","BP","A1","A2"))
> 
> bim$CHR <- as.character(bim$CHR)
> bim$CHR[bim$CHR == "chrZ" | bim$CHR == "Z"] <- "30"
> bim$CHR <- suppressWarnings(as.numeric(bim$CHR))
> scaffold_keep <- !is.na(bim$CHR)
> 
> bim_filtered   <- bim[scaffold_keep, ]
> pvals_filtered <- x1$pvalues[scaffold_keep]
> 
> pval_keep <- !is.na(pvals_filtered)
> SNP <- bim_filtered$SNP[pval_keep]
> CHR <- bim_filtered$CHR[pval_keep]
> BP  <- bim_filtered$BP[pval_keep]
> P   <- pvals_filtered[pval_keep]
> P[P == 0] <- .Machine$double.xmin
> 
> df_prepped <- data.frame(SNP, CHR, BP, P)
> 
> # print number of rows in dataframe ie number of SNPs
> cat(sprintf("  Number of SNPs  : %d\n", nrow(df_prepped)))
  Number of SNPs  : 15201675
> 
> # Sliding window analysis on pcadapt results
> # For each chromosome, a 50 kb window slides in 5 kb steps across all SNPs.
> 
> window_size <- 50000   # 500 kb
> step_size   <-   5000   #   5 kb
> 
> # Relabel chr 30 back to Z in output
> chr_label <- function(chr) ifelse(chr == 30, "Z", as.character(chr))
> 
> window_results <- list()
> 
> for (chr in sort(unique(df_prepped$CHR))) {
+ 
+   chr_snps <- df_prepped %>%
+     filter(CHR == chr) %>%
+     arrange(BP)
+ 
+   if (nrow(chr_snps) == 0) next
+ 
+   bp_min <- min(chr_snps$BP)
+   bp_max <- max(chr_snps$BP)
+ 
+   starts <- seq(bp_min, bp_max, by = step_size)
+ 
+   chr_windows <- data.frame(
+     CHR          = character(),
+     window_start = integer(),
+     window_end   = integer(),
+     mean_neglogP = numeric()
+   )
+ 
+   for (w_start in starts) {
+     w_end <- w_start + window_size - 1
+ 
+     snps_in_window <- chr_snps %>%
+       filter(BP >= w_start & BP <= w_end)
+ 
+     if (nrow(snps_in_window) == 0) next
+ 
+     mean_neglogP <- mean(-log10(snps_in_window$P))
+ 
+     chr_windows <- rbind(chr_windows, data.frame(
+       CHR          = chr_label(chr),
+       window_start = w_start,
+       window_end   = w_end,
+       mean_neglogP = round(mean_neglogP, 4)
+     ))
+   }
+ 
+   if (nrow(chr_windows) > 0) {
+     window_results[[chr_label(chr)]] <- chr_windows
+   }
+ }
